[2023-06-04 14:04:16] local.ERROR: Class "app\Http\Controllers\SyllabusController" does not exist {"exception":"[object] (ReflectionException(code: -1): Class \"app\\Http\\Controllers\\SyllabusController\" does not exist at D:\\Terbaru\\Microservice Architecture\\Project\\microservice-obe\\src\\syllabus-service\\vendor\\laravel\\framework\\src\\Illuminate\\Foundation\\Console\\RouteListCommand.php:223)
[stacktrace]
#0 D:\\Terbaru\\Microservice Architecture\\Project\\microservice-obe\\src\\syllabus-service\\vendor\\laravel\\framework\\src\\Illuminate\\Foundation\\Console\\RouteListCommand.php(223): ReflectionClass->__construct('app\\\\Http\\\\Contro...')
#1 D:\\Terbaru\\Microservice Architecture\\Project\\microservice-obe\\src\\syllabus-service\\vendor\\laravel\\framework\\src\\Illuminate\\Foundation\\Console\\RouteListCommand.php(145): Illuminate\\Foundation\\Console\\RouteListCommand->isVendorRoute(Object(Illuminate\\Routing\\Route))
#2 D:\\Terbaru\\Microservice Architecture\\Project\\microservice-obe\\src\\syllabus-service\\vendor\\laravel\\framework\\src\\Illuminate\\Foundation\\Console\\RouteListCommand.php(114): Illuminate\\Foundation\\Console\\RouteListCommand->getRouteInformation(Object(Illuminate\\Routing\\Route))
#3 [internal function]: Illuminate\\Foundation\\Console\\RouteListCommand->Illuminate\\Foundation\\Console\\{closure}(Object(Illuminate\\Routing\\Route), 5)
#4 D:\\Terbaru\\Microservice Architecture\\Project\\microservice-obe\\src\\syllabus-service\\vendor\\laravel\\framework\\src\\Illuminate\\Collections\\Arr.php(558): array_map(Object(Closure), Array, Array)
#5 D:\\Terbaru\\Microservice Architecture\\Project\\microservice-obe\\src\\syllabus-service\\vendor\\laravel\\framework\\src\\Illuminate\\Collections\\Collection.php(771): Illuminate\\Support\\Arr::map(Array, Object(Closure))
#6 D:\\Terbaru\\Microservice Architecture\\Project\\microservice-obe\\src\\syllabus-service\\vendor\\laravel\\framework\\src\\Illuminate\\Foundation\\Console\\RouteListCommand.php(113): Illuminate\\Support\\Collection->map(Object(Closure))
#7 D:\\Terbaru\\Microservice Architecture\\Project\\microservice-obe\\src\\syllabus-service\\vendor\\laravel\\framework\\src\\Illuminate\\Foundation\\Console\\RouteListCommand.php(99): Illuminate\\Foundation\\Console\\RouteListCommand->getRoutes()
#8 D:\\Terbaru\\Microservice Architecture\\Project\\microservice-obe\\src\\syllabus-service\\vendor\\laravel\\framework\\src\\Illuminate\\Container\\BoundMethod.php(36): Illuminate\\Foundation\\Console\\RouteListCommand->handle()
#9 D:\\Terbaru\\Microservice Architecture\\Project\\microservice-obe\\src\\syllabus-service\\vendor\\laravel\\framework\\src\\Illuminate\\Container\\Util.php(41): Illuminate\\Container\\BoundMethod::Illuminate\\Container\\{closure}()
#10 D:\\Terbaru\\Microservice Architecture\\Project\\microservice-obe\\src\\syllabus-service\\vendor\\laravel\\framework\\src\\Illuminate\\Container\\BoundMethod.php(93): Illuminate\\Container\\Util::unwrapIfClosure(Object(Closure))
#11 D:\\Terbaru\\Microservice Architecture\\Project\\microservice-obe\\src\\syllabus-service\\vendor\\laravel\\framework\\src\\Illuminate\\Container\\BoundMethod.php(35): Illuminate\\Container\\BoundMethod::callBoundMethod(Object(Illuminate\\Foundation\\Application), Array, Object(Closure))
#12 D:\\Terbaru\\Microservice Architecture\\Project\\microservice-obe\\src\\syllabus-service\\vendor\\laravel\\framework\\src\\Illuminate\\Container\\Container.php(662): Illuminate\\Container\\BoundMethod::call(Object(Illuminate\\Foundation\\Application), Array, Array, NULL)
#13 D:\\Terbaru\\Microservice Architecture\\Project\\microservice-obe\\src\\syllabus-service\\vendor\\laravel\\framework\\src\\Illuminate\\Console\\Command.php(208): Illuminate\\Container\\Container->call(Array)
#14 D:\\Terbaru\\Microservice Architecture\\Project\\microservice-obe\\src\\syllabus-service\\vendor\\symfony\\console\\Command\\Command.php(326): Illuminate\\Console\\Command->execute(Object(Symfony\\Component\\Console\\Input\\ArgvInput), Object(Illuminate\\Console\\OutputStyle))
#15 D:\\Terbaru\\Microservice Architecture\\Project\\microservice-obe\\src\\syllabus-service\\vendor\\laravel\\framework\\src\\Illuminate\\Console\\Command.php(177): Symfony\\Component\\Console\\Command\\Command->run(Object(Symfony\\Component\\Console\\Input\\ArgvInput), Object(Illuminate\\Console\\OutputStyle))
#16 D:\\Terbaru\\Microservice Architecture\\Project\\microservice-obe\\src\\syllabus-service\\vendor\\symfony\\console\\Application.php(1081): Illuminate\\Console\\Command->run(Object(Symfony\\Component\\Console\\Input\\ArgvInput), Object(Symfony\\Component\\Console\\Output\\ConsoleOutput))
#17 D:\\Terbaru\\Microservice Architecture\\Project\\microservice-obe\\src\\syllabus-service\\vendor\\symfony\\console\\Application.php(320): Symfony\\Component\\Console\\Application->doRunCommand(Object(Illuminate\\Foundation\\Console\\RouteListCommand), Object(Symfony\\Component\\Console\\Input\\ArgvInput), Object(Symfony\\Component\\Console\\Output\\ConsoleOutput))
#18 D:\\Terbaru\\Microservice Architecture\\Project\\microservice-obe\\src\\syllabus-service\\vendor\\symfony\\console\\Application.php(174): Symfony\\Component\\Console\\Application->doRun(Object(Symfony\\Component\\Console\\Input\\ArgvInput), Object(Symfony\\Component\\Console\\Output\\ConsoleOutput))
#19 D:\\Terbaru\\Microservice Architecture\\Project\\microservice-obe\\src\\syllabus-service\\vendor\\laravel\\framework\\src\\Illuminate\\Foundation\\Console\\Kernel.php(200): Symfony\\Component\\Console\\Application->run(Object(Symfony\\Component\\Console\\Input\\ArgvInput), Object(Symfony\\Component\\Console\\Output\\ConsoleOutput))
#20 D:\\Terbaru\\Microservice Architecture\\Project\\microservice-obe\\src\\syllabus-service\\artisan(35): Illuminate\\Foundation\\Console\\Kernel->handle(Object(Symfony\\Component\\Console\\Input\\ArgvInput), Object(Symfony\\Component\\Console\\Output\\ConsoleOutput))
#21 {main}
"} 
[2023-06-04 14:05:50] local.ERROR: Class "app\Http\Controllers\SyllabusController" does not exist {"exception":"[object] (ReflectionException(code: -1): Class \"app\\Http\\Controllers\\SyllabusController\" does not exist at D:\\Terbaru\\Microservice Architecture\\Project\\microservice-obe\\src\\syllabus-service\\vendor\\laravel\\framework\\src\\Illuminate\\Foundation\\Console\\RouteListCommand.php:223)
[stacktrace]
#0 D:\\Terbaru\\Microservice Architecture\\Project\\microservice-obe\\src\\syllabus-service\\vendor\\laravel\\framework\\src\\Illuminate\\Foundation\\Console\\RouteListCommand.php(223): ReflectionClass->__construct('app\\\\Http\\\\Contro...')
#1 D:\\Terbaru\\Microservice Architecture\\Project\\microservice-obe\\src\\syllabus-service\\vendor\\laravel\\framework\\src\\Illuminate\\Foundation\\Console\\RouteListCommand.php(145): Illuminate\\Foundation\\Console\\RouteListCommand->isVendorRoute(Object(Illuminate\\Routing\\Route))
#2 D:\\Terbaru\\Microservice Architecture\\Project\\microservice-obe\\src\\syllabus-service\\vendor\\laravel\\framework\\src\\Illuminate\\Foundation\\Console\\RouteListCommand.php(114): Illuminate\\Foundation\\Console\\RouteListCommand->getRouteInformation(Object(Illuminate\\Routing\\Route))
#3 [internal function]: Illuminate\\Foundation\\Console\\RouteListCommand->Illuminate\\Foundation\\Console\\{closure}(Object(Illuminate\\Routing\\Route), 5)
#4 D:\\Terbaru\\Microservice Architecture\\Project\\microservice-obe\\src\\syllabus-service\\vendor\\laravel\\framework\\src\\Illuminate\\Collections\\Arr.php(558): array_map(Object(Closure), Array, Array)
#5 D:\\Terbaru\\Microservice Architecture\\Project\\microservice-obe\\src\\syllabus-service\\vendor\\laravel\\framework\\src\\Illuminate\\Collections\\Collection.php(771): Illuminate\\Support\\Arr::map(Array, Object(Closure))
#6 D:\\Terbaru\\Microservice Architecture\\Project\\microservice-obe\\src\\syllabus-service\\vendor\\laravel\\framework\\src\\Illuminate\\Foundation\\Console\\RouteListCommand.php(113): Illuminate\\Support\\Collection->map(Object(Closure))
#7 D:\\Terbaru\\Microservice Architecture\\Project\\microservice-obe\\src\\syllabus-service\\vendor\\laravel\\framework\\src\\Illuminate\\Foundation\\Console\\RouteListCommand.php(99): Illuminate\\Foundation\\Console\\RouteListCommand->getRoutes()
#8 D:\\Terbaru\\Microservice Architecture\\Project\\microservice-obe\\src\\syllabus-service\\vendor\\laravel\\framework\\src\\Illuminate\\Container\\BoundMethod.php(36): Illuminate\\Foundation\\Console\\RouteListCommand->handle()
#9 D:\\Terbaru\\Microservice Architecture\\Project\\microservice-obe\\src\\syllabus-service\\vendor\\laravel\\framework\\src\\Illuminate\\Container\\Util.php(41): Illuminate\\Container\\BoundMethod::Illuminate\\Container\\{closure}()
#10 D:\\Terbaru\\Microservice Architecture\\Project\\microservice-obe\\src\\syllabus-service\\vendor\\laravel\\framework\\src\\Illuminate\\Container\\BoundMethod.php(93): Illuminate\\Container\\Util::unwrapIfClosure(Object(Closure))
#11 D:\\Terbaru\\Microservice Architecture\\Project\\microservice-obe\\src\\syllabus-service\\vendor\\laravel\\framework\\src\\Illuminate\\Container\\BoundMethod.php(35): Illuminate\\Container\\BoundMethod::callBoundMethod(Object(Illuminate\\Foundation\\Application), Array, Object(Closure))
#12 D:\\Terbaru\\Microservice Architecture\\Project\\microservice-obe\\src\\syllabus-service\\vendor\\laravel\\framework\\src\\Illuminate\\Container\\Container.php(662): Illuminate\\Container\\BoundMethod::call(Object(Illuminate\\Foundation\\Application), Array, Array, NULL)
#13 D:\\Terbaru\\Microservice Architecture\\Project\\microservice-obe\\src\\syllabus-service\\vendor\\laravel\\framework\\src\\Illuminate\\Console\\Command.php(208): Illuminate\\Container\\Container->call(Array)
#14 D:\\Terbaru\\Microservice Architecture\\Project\\microservice-obe\\src\\syllabus-service\\vendor\\symfony\\console\\Command\\Command.php(326): Illuminate\\Console\\Command->execute(Object(Symfony\\Component\\Console\\Input\\ArgvInput), Object(Illuminate\\Console\\OutputStyle))
#15 D:\\Terbaru\\Microservice Architecture\\Project\\microservice-obe\\src\\syllabus-service\\vendor\\laravel\\framework\\src\\Illuminate\\Console\\Command.php(177): Symfony\\Component\\Console\\Command\\Command->run(Object(Symfony\\Component\\Console\\Input\\ArgvInput), Object(Illuminate\\Console\\OutputStyle))
#16 D:\\Terbaru\\Microservice Architecture\\Project\\microservice-obe\\src\\syllabus-service\\vendor\\symfony\\console\\Application.php(1081): Illuminate\\Console\\Command->run(Object(Symfony\\Component\\Console\\Input\\ArgvInput), Object(Symfony\\Component\\Console\\Output\\ConsoleOutput))
#17 D:\\Terbaru\\Microservice Architecture\\Project\\microservice-obe\\src\\syllabus-service\\vendor\\symfony\\console\\Application.php(320): Symfony\\Component\\Console\\Application->doRunCommand(Object(Illuminate\\Foundation\\Console\\RouteListCommand), Object(Symfony\\Component\\Console\\Input\\ArgvInput), Object(Symfony\\Component\\Console\\Output\\ConsoleOutput))
#18 D:\\Terbaru\\Microservice Architecture\\Project\\microservice-obe\\src\\syllabus-service\\vendor\\symfony\\console\\Application.php(174): Symfony\\Component\\Console\\Application->doRun(Object(Symfony\\Component\\Console\\Input\\ArgvInput), Object(Symfony\\Component\\Console\\Output\\ConsoleOutput))
#19 D:\\Terbaru\\Microservice Architecture\\Project\\microservice-obe\\src\\syllabus-service\\vendor\\laravel\\framework\\src\\Illuminate\\Foundation\\Console\\Kernel.php(200): Symfony\\Component\\Console\\Application->run(Object(Symfony\\Component\\Console\\Input\\ArgvInput), Object(Symfony\\Component\\Console\\Output\\ConsoleOutput))
#20 D:\\Terbaru\\Microservice Architecture\\Project\\microservice-obe\\src\\syllabus-service\\artisan(35): Illuminate\\Foundation\\Console\\Kernel->handle(Object(Symfony\\Component\\Console\\Input\\ArgvInput), Object(Symfony\\Component\\Console\\Output\\ConsoleOutput))
#21 {main}
"} 
[2023-06-04 14:05:53] local.ERROR: Class "app\Http\Controllers\SyllabusController" does not exist {"exception":"[object] (ReflectionException(code: -1): Class \"app\\Http\\Controllers\\SyllabusController\" does not exist at D:\\Terbaru\\Microservice Architecture\\Project\\microservice-obe\\src\\syllabus-service\\vendor\\laravel\\framework\\src\\Illuminate\\Foundation\\Console\\RouteListCommand.php:223)
[stacktrace]
#0 D:\\Terbaru\\Microservice Architecture\\Project\\microservice-obe\\src\\syllabus-service\\vendor\\laravel\\framework\\src\\Illuminate\\Foundation\\Console\\RouteListCommand.php(223): ReflectionClass->__construct('app\\\\Http\\\\Contro...')
#1 D:\\Terbaru\\Microservice Architecture\\Project\\microservice-obe\\src\\syllabus-service\\vendor\\laravel\\framework\\src\\Illuminate\\Foundation\\Console\\RouteListCommand.php(145): Illuminate\\Foundation\\Console\\RouteListCommand->isVendorRoute(Object(Illuminate\\Routing\\Route))
#2 D:\\Terbaru\\Microservice Architecture\\Project\\microservice-obe\\src\\syllabus-service\\vendor\\laravel\\framework\\src\\Illuminate\\Foundation\\Console\\RouteListCommand.php(114): Illuminate\\Foundation\\Console\\RouteListCommand->getRouteInformation(Object(Illuminate\\Routing\\Route))
#3 [internal function]: Illuminate\\Foundation\\Console\\RouteListCommand->Illuminate\\Foundation\\Console\\{closure}(Object(Illuminate\\Routing\\Route), 5)
#4 D:\\Terbaru\\Microservice Architecture\\Project\\microservice-obe\\src\\syllabus-service\\vendor\\laravel\\framework\\src\\Illuminate\\Collections\\Arr.php(558): array_map(Object(Closure), Array, Array)
#5 D:\\Terbaru\\Microservice Architecture\\Project\\microservice-obe\\src\\syllabus-service\\vendor\\laravel\\framework\\src\\Illuminate\\Collections\\Collection.php(771): Illuminate\\Support\\Arr::map(Array, Object(Closure))
#6 D:\\Terbaru\\Microservice Architecture\\Project\\microservice-obe\\src\\syllabus-service\\vendor\\laravel\\framework\\src\\Illuminate\\Foundation\\Console\\RouteListCommand.php(113): Illuminate\\Support\\Collection->map(Object(Closure))
#7 D:\\Terbaru\\Microservice Architecture\\Project\\microservice-obe\\src\\syllabus-service\\vendor\\laravel\\framework\\src\\Illuminate\\Foundation\\Console\\RouteListCommand.php(99): Illuminate\\Foundation\\Console\\RouteListCommand->getRoutes()
#8 D:\\Terbaru\\Microservice Architecture\\Project\\microservice-obe\\src\\syllabus-service\\vendor\\laravel\\framework\\src\\Illuminate\\Container\\BoundMethod.php(36): Illuminate\\Foundation\\Console\\RouteListCommand->handle()
#9 D:\\Terbaru\\Microservice Architecture\\Project\\microservice-obe\\src\\syllabus-service\\vendor\\laravel\\framework\\src\\Illuminate\\Container\\Util.php(41): Illuminate\\Container\\BoundMethod::Illuminate\\Container\\{closure}()
#10 D:\\Terbaru\\Microservice Architecture\\Project\\microservice-obe\\src\\syllabus-service\\vendor\\laravel\\framework\\src\\Illuminate\\Container\\BoundMethod.php(93): Illuminate\\Container\\Util::unwrapIfClosure(Object(Closure))
#11 D:\\Terbaru\\Microservice Architecture\\Project\\microservice-obe\\src\\syllabus-service\\vendor\\laravel\\framework\\src\\Illuminate\\Container\\BoundMethod.php(35): Illuminate\\Container\\BoundMethod::callBoundMethod(Object(Illuminate\\Foundation\\Application), Array, Object(Closure))
#12 D:\\Terbaru\\Microservice Architecture\\Project\\microservice-obe\\src\\syllabus-service\\vendor\\laravel\\framework\\src\\Illuminate\\Container\\Container.php(662): Illuminate\\Container\\BoundMethod::call(Object(Illuminate\\Foundation\\Application), Array, Array, NULL)
#13 D:\\Terbaru\\Microservice Architecture\\Project\\microservice-obe\\src\\syllabus-service\\vendor\\laravel\\framework\\src\\Illuminate\\Console\\Command.php(208): Illuminate\\Container\\Container->call(Array)
#14 D:\\Terbaru\\Microservice Architecture\\Project\\microservice-obe\\src\\syllabus-service\\vendor\\symfony\\console\\Command\\Command.php(326): Illuminate\\Console\\Command->execute(Object(Symfony\\Component\\Console\\Input\\ArgvInput), Object(Illuminate\\Console\\OutputStyle))
#15 D:\\Terbaru\\Microservice Architecture\\Project\\microservice-obe\\src\\syllabus-service\\vendor\\laravel\\framework\\src\\Illuminate\\Console\\Command.php(177): Symfony\\Component\\Console\\Command\\Command->run(Object(Symfony\\Component\\Console\\Input\\ArgvInput), Object(Illuminate\\Console\\OutputStyle))
#16 D:\\Terbaru\\Microservice Architecture\\Project\\microservice-obe\\src\\syllabus-service\\vendor\\symfony\\console\\Application.php(1081): Illuminate\\Console\\Command->run(Object(Symfony\\Component\\Console\\Input\\ArgvInput), Object(Symfony\\Component\\Console\\Output\\ConsoleOutput))
#17 D:\\Terbaru\\Microservice Architecture\\Project\\microservice-obe\\src\\syllabus-service\\vendor\\symfony\\console\\Application.php(320): Symfony\\Component\\Console\\Application->doRunCommand(Object(Illuminate\\Foundation\\Console\\RouteListCommand), Object(Symfony\\Component\\Console\\Input\\ArgvInput), Object(Symfony\\Component\\Console\\Output\\ConsoleOutput))
#18 D:\\Terbaru\\Microservice Architecture\\Project\\microservice-obe\\src\\syllabus-service\\vendor\\symfony\\console\\Application.php(174): Symfony\\Component\\Console\\Application->doRun(Object(Symfony\\Component\\Console\\Input\\ArgvInput), Object(Symfony\\Component\\Console\\Output\\ConsoleOutput))
#19 D:\\Terbaru\\Microservice Architecture\\Project\\microservice-obe\\src\\syllabus-service\\vendor\\laravel\\framework\\src\\Illuminate\\Foundation\\Console\\Kernel.php(200): Symfony\\Component\\Console\\Application->run(Object(Symfony\\Component\\Console\\Input\\ArgvInput), Object(Symfony\\Component\\Console\\Output\\ConsoleOutput))
#20 D:\\Terbaru\\Microservice Architecture\\Project\\microservice-obe\\src\\syllabus-service\\artisan(35): Illuminate\\Foundation\\Console\\Kernel->handle(Object(Symfony\\Component\\Console\\Input\\ArgvInput), Object(Symfony\\Component\\Console\\Output\\ConsoleOutput))
#21 {main}
"} 
[2023-06-04 14:06:07] local.ERROR: Class "app\Http\Controllers\SyllabusController" does not exist {"exception":"[object] (ReflectionException(code: -1): Class \"app\\Http\\Controllers\\SyllabusController\" does not exist at D:\\Terbaru\\Microservice Architecture\\Project\\microservice-obe\\src\\syllabus-service\\vendor\\laravel\\framework\\src\\Illuminate\\Foundation\\Console\\RouteListCommand.php:223)
[stacktrace]
#0 D:\\Terbaru\\Microservice Architecture\\Project\\microservice-obe\\src\\syllabus-service\\vendor\\laravel\\framework\\src\\Illuminate\\Foundation\\Console\\RouteListCommand.php(223): ReflectionClass->__construct('app\\\\Http\\\\Contro...')
#1 D:\\Terbaru\\Microservice Architecture\\Project\\microservice-obe\\src\\syllabus-service\\vendor\\laravel\\framework\\src\\Illuminate\\Foundation\\Console\\RouteListCommand.php(145): Illuminate\\Foundation\\Console\\RouteListCommand->isVendorRoute(Object(Illuminate\\Routing\\Route))
#2 D:\\Terbaru\\Microservice Architecture\\Project\\microservice-obe\\src\\syllabus-service\\vendor\\laravel\\framework\\src\\Illuminate\\Foundation\\Console\\RouteListCommand.php(114): Illuminate\\Foundation\\Console\\RouteListCommand->getRouteInformation(Object(Illuminate\\Routing\\Route))
#3 [internal function]: Illuminate\\Foundation\\Console\\RouteListCommand->Illuminate\\Foundation\\Console\\{closure}(Object(Illuminate\\Routing\\Route), 5)
#4 D:\\Terbaru\\Microservice Architecture\\Project\\microservice-obe\\src\\syllabus-service\\vendor\\laravel\\framework\\src\\Illuminate\\Collections\\Arr.php(558): array_map(Object(Closure), Array, Array)
#5 D:\\Terbaru\\Microservice Architecture\\Project\\microservice-obe\\src\\syllabus-service\\vendor\\laravel\\framework\\src\\Illuminate\\Collections\\Collection.php(771): Illuminate\\Support\\Arr::map(Array, Object(Closure))
#6 D:\\Terbaru\\Microservice Architecture\\Project\\microservice-obe\\src\\syllabus-service\\vendor\\laravel\\framework\\src\\Illuminate\\Foundation\\Console\\RouteListCommand.php(113): Illuminate\\Support\\Collection->map(Object(Closure))
#7 D:\\Terbaru\\Microservice Architecture\\Project\\microservice-obe\\src\\syllabus-service\\vendor\\laravel\\framework\\src\\Illuminate\\Foundation\\Console\\RouteListCommand.php(99): Illuminate\\Foundation\\Console\\RouteListCommand->getRoutes()
#8 D:\\Terbaru\\Microservice Architecture\\Project\\microservice-obe\\src\\syllabus-service\\vendor\\laravel\\framework\\src\\Illuminate\\Container\\BoundMethod.php(36): Illuminate\\Foundation\\Console\\RouteListCommand->handle()
#9 D:\\Terbaru\\Microservice Architecture\\Project\\microservice-obe\\src\\syllabus-service\\vendor\\laravel\\framework\\src\\Illuminate\\Container\\Util.php(41): Illuminate\\Container\\BoundMethod::Illuminate\\Container\\{closure}()
#10 D:\\Terbaru\\Microservice Architecture\\Project\\microservice-obe\\src\\syllabus-service\\vendor\\laravel\\framework\\src\\Illuminate\\Container\\BoundMethod.php(93): Illuminate\\Container\\Util::unwrapIfClosure(Object(Closure))
#11 D:\\Terbaru\\Microservice Architecture\\Project\\microservice-obe\\src\\syllabus-service\\vendor\\laravel\\framework\\src\\Illuminate\\Container\\BoundMethod.php(35): Illuminate\\Container\\BoundMethod::callBoundMethod(Object(Illuminate\\Foundation\\Application), Array, Object(Closure))
#12 D:\\Terbaru\\Microservice Architecture\\Project\\microservice-obe\\src\\syllabus-service\\vendor\\laravel\\framework\\src\\Illuminate\\Container\\Container.php(662): Illuminate\\Container\\BoundMethod::call(Object(Illuminate\\Foundation\\Application), Array, Array, NULL)
#13 D:\\Terbaru\\Microservice Architecture\\Project\\microservice-obe\\src\\syllabus-service\\vendor\\laravel\\framework\\src\\Illuminate\\Console\\Command.php(208): Illuminate\\Container\\Container->call(Array)
#14 D:\\Terbaru\\Microservice Architecture\\Project\\microservice-obe\\src\\syllabus-service\\vendor\\symfony\\console\\Command\\Command.php(326): Illuminate\\Console\\Command->execute(Object(Symfony\\Component\\Console\\Input\\ArgvInput), Object(Illuminate\\Console\\OutputStyle))
#15 D:\\Terbaru\\Microservice Architecture\\Project\\microservice-obe\\src\\syllabus-service\\vendor\\laravel\\framework\\src\\Illuminate\\Console\\Command.php(177): Symfony\\Component\\Console\\Command\\Command->run(Object(Symfony\\Component\\Console\\Input\\ArgvInput), Object(Illuminate\\Console\\OutputStyle))
#16 D:\\Terbaru\\Microservice Architecture\\Project\\microservice-obe\\src\\syllabus-service\\vendor\\symfony\\console\\Application.php(1081): Illuminate\\Console\\Command->run(Object(Symfony\\Component\\Console\\Input\\ArgvInput), Object(Symfony\\Component\\Console\\Output\\ConsoleOutput))
#17 D:\\Terbaru\\Microservice Architecture\\Project\\microservice-obe\\src\\syllabus-service\\vendor\\symfony\\console\\Application.php(320): Symfony\\Component\\Console\\Application->doRunCommand(Object(Illuminate\\Foundation\\Console\\RouteListCommand), Object(Symfony\\Component\\Console\\Input\\ArgvInput), Object(Symfony\\Component\\Console\\Output\\ConsoleOutput))
#18 D:\\Terbaru\\Microservice Architecture\\Project\\microservice-obe\\src\\syllabus-service\\vendor\\symfony\\console\\Application.php(174): Symfony\\Component\\Console\\Application->doRun(Object(Symfony\\Component\\Console\\Input\\ArgvInput), Object(Symfony\\Component\\Console\\Output\\ConsoleOutput))
#19 D:\\Terbaru\\Microservice Architecture\\Project\\microservice-obe\\src\\syllabus-service\\vendor\\laravel\\framework\\src\\Illuminate\\Foundation\\Console\\Kernel.php(200): Symfony\\Component\\Console\\Application->run(Object(Symfony\\Component\\Console\\Input\\ArgvInput), Object(Symfony\\Component\\Console\\Output\\ConsoleOutput))
#20 D:\\Terbaru\\Microservice Architecture\\Project\\microservice-obe\\src\\syllabus-service\\artisan(35): Illuminate\\Foundation\\Console\\Kernel->handle(Object(Symfony\\Component\\Console\\Input\\ArgvInput), Object(Symfony\\Component\\Console\\Output\\ConsoleOutput))
#21 {main}
"} 
[2023-06-04 14:26:10] local.ERROR: Class "App\Http\Controllers\Request" does not exist {"exception":"[object] (ReflectionException(code: -1): Class \"App\\Http\\Controllers\\Request\" does not exist at D:\\Terbaru\\Microservice Architecture\\Project\\microservice-obe\\src\\syllabus-service\\vendor\\laravel\\framework\\src\\Illuminate\\Routing\\ResolvesRouteDependencies.php:81)
[stacktrace]
#0 D:\\Terbaru\\Microservice Architecture\\Project\\microservice-obe\\src\\syllabus-service\\vendor\\laravel\\framework\\src\\Illuminate\\Routing\\ResolvesRouteDependencies.php(81): ReflectionClass->__construct('App\\\\Http\\\\Contro...')
#1 D:\\Terbaru\\Microservice Architecture\\Project\\microservice-obe\\src\\syllabus-service\\vendor\\laravel\\framework\\src\\Illuminate\\Routing\\ResolvesRouteDependencies.php(50): Illuminate\\Routing\\ControllerDispatcher->transformDependency(Object(ReflectionParameter), Array, Object(stdClass))
#2 D:\\Terbaru\\Microservice Architecture\\Project\\microservice-obe\\src\\syllabus-service\\vendor\\laravel\\framework\\src\\Illuminate\\Routing\\ResolvesRouteDependencies.php(29): Illuminate\\Routing\\ControllerDispatcher->resolveMethodDependencies(Array, Object(ReflectionMethod))
#3 D:\\Terbaru\\Microservice Architecture\\Project\\microservice-obe\\src\\syllabus-service\\vendor\\laravel\\framework\\src\\Illuminate\\Routing\\ControllerDispatcher.php(59): Illuminate\\Routing\\ControllerDispatcher->resolveClassMethodDependencies(Array, Object(App\\Http\\Controllers\\SyllabusController), 'index')
#4 D:\\Terbaru\\Microservice Architecture\\Project\\microservice-obe\\src\\syllabus-service\\vendor\\laravel\\framework\\src\\Illuminate\\Routing\\ControllerDispatcher.php(40): Illuminate\\Routing\\ControllerDispatcher->resolveParameters(Object(Illuminate\\Routing\\Route), Object(App\\Http\\Controllers\\SyllabusController), 'index')
#5 D:\\Terbaru\\Microservice Architecture\\Project\\microservice-obe\\src\\syllabus-service\\vendor\\laravel\\framework\\src\\Illuminate\\Routing\\Route.php(259): Illuminate\\Routing\\ControllerDispatcher->dispatch(Object(Illuminate\\Routing\\Route), Object(App\\Http\\Controllers\\SyllabusController), 'index')
#6 D:\\Terbaru\\Microservice Architecture\\Project\\microservice-obe\\src\\syllabus-service\\vendor\\laravel\\framework\\src\\Illuminate\\Routing\\Route.php(205): Illuminate\\Routing\\Route->runController()
#7 D:\\Terbaru\\Microservice Architecture\\Project\\microservice-obe\\src\\syllabus-service\\vendor\\laravel\\framework\\src\\Illuminate\\Routing\\Router.php(799): Illuminate\\Routing\\Route->run()
#8 D:\\Terbaru\\Microservice Architecture\\Project\\microservice-obe\\src\\syllabus-service\\vendor\\laravel\\framework\\src\\Illuminate\\Pipeline\\Pipeline.php(141): Illuminate\\Routing\\Router->Illuminate\\Routing\\{closure}(Object(Illuminate\\Http\\Request))
#9 D:\\Terbaru\\Microservice Architecture\\Project\\microservice-obe\\src\\syllabus-service\\vendor\\laravel\\framework\\src\\Illuminate\\Routing\\Middleware\\SubstituteBindings.php(50): Illuminate\\Pipeline\\Pipeline->Illuminate\\Pipeline\\{closure}(Object(Illuminate\\Http\\Request))
#10 D:\\Terbaru\\Microservice Architecture\\Project\\microservice-obe\\src\\syllabus-service\\vendor\\laravel\\framework\\src\\Illuminate\\Pipeline\\Pipeline.php(180): Illuminate\\Routing\\Middleware\\SubstituteBindings->handle(Object(Illuminate\\Http\\Request), Object(Closure))
#11 D:\\Terbaru\\Microservice Architecture\\Project\\microservice-obe\\src\\syllabus-service\\vendor\\laravel\\framework\\src\\Illuminate\\Routing\\Middleware\\ThrottleRequests.php(152): Illuminate\\Pipeline\\Pipeline->Illuminate\\Pipeline\\{closure}(Object(Illuminate\\Http\\Request))
#12 D:\\Terbaru\\Microservice Architecture\\Project\\microservice-obe\\src\\syllabus-service\\vendor\\laravel\\framework\\src\\Illuminate\\Routing\\Middleware\\ThrottleRequests.php(118): Illuminate\\Routing\\Middleware\\ThrottleRequests->handleRequest(Object(Illuminate\\Http\\Request), Object(Closure), Array)
#13 D:\\Terbaru\\Microservice Architecture\\Project\\microservice-obe\\src\\syllabus-service\\vendor\\laravel\\framework\\src\\Illuminate\\Routing\\Middleware\\ThrottleRequests.php(80): Illuminate\\Routing\\Middleware\\ThrottleRequests->handleRequestUsingNamedLimiter(Object(Illuminate\\Http\\Request), Object(Closure), 'api', Object(Closure))
#14 D:\\Terbaru\\Microservice Architecture\\Project\\microservice-obe\\src\\syllabus-service\\vendor\\laravel\\framework\\src\\Illuminate\\Pipeline\\Pipeline.php(180): Illuminate\\Routing\\Middleware\\ThrottleRequests->handle(Object(Illuminate\\Http\\Request), Object(Closure), 'api')
#15 D:\\Terbaru\\Microservice Architecture\\Project\\microservice-obe\\src\\syllabus-service\\vendor\\laravel\\framework\\src\\Illuminate\\Pipeline\\Pipeline.php(116): Illuminate\\Pipeline\\Pipeline->Illuminate\\Pipeline\\{closure}(Object(Illuminate\\Http\\Request))
#16 D:\\Terbaru\\Microservice Architecture\\Project\\microservice-obe\\src\\syllabus-service\\vendor\\laravel\\framework\\src\\Illuminate\\Routing\\Router.php(798): Illuminate\\Pipeline\\Pipeline->then(Object(Closure))
#17 D:\\Terbaru\\Microservice Architecture\\Project\\microservice-obe\\src\\syllabus-service\\vendor\\laravel\\framework\\src\\Illuminate\\Routing\\Router.php(777): Illuminate\\Routing\\Router->runRouteWithinStack(Object(Illuminate\\Routing\\Route), Object(Illuminate\\Http\\Request))
#18 D:\\Terbaru\\Microservice Architecture\\Project\\microservice-obe\\src\\syllabus-service\\vendor\\laravel\\framework\\src\\Illuminate\\Routing\\Router.php(741): Illuminate\\Routing\\Router->runRoute(Object(Illuminate\\Http\\Request), Object(Illuminate\\Routing\\Route))
#19 D:\\Terbaru\\Microservice Architecture\\Project\\microservice-obe\\src\\syllabus-service\\vendor\\laravel\\framework\\src\\Illuminate\\Routing\\Router.php(730): Illuminate\\Routing\\Router->dispatchToRoute(Object(Illuminate\\Http\\Request))
#20 D:\\Terbaru\\Microservice Architecture\\Project\\microservice-obe\\src\\syllabus-service\\vendor\\laravel\\framework\\src\\Illuminate\\Foundation\\Http\\Kernel.php(200): Illuminate\\Routing\\Router->dispatch(Object(Illuminate\\Http\\Request))
#21 D:\\Terbaru\\Microservice Architecture\\Project\\microservice-obe\\src\\syllabus-service\\vendor\\laravel\\framework\\src\\Illuminate\\Pipeline\\Pipeline.php(141): Illuminate\\Foundation\\Http\\Kernel->Illuminate\\Foundation\\Http\\{closure}(Object(Illuminate\\Http\\Request))
#22 D:\\Terbaru\\Microservice Architecture\\Project\\microservice-obe\\src\\syllabus-service\\vendor\\laravel\\framework\\src\\Illuminate\\Foundation\\Http\\Middleware\\TransformsRequest.php(21): Illuminate\\Pipeline\\Pipeline->Illuminate\\Pipeline\\{closure}(Object(Illuminate\\Http\\Request))
#23 D:\\Terbaru\\Microservice Architecture\\Project\\microservice-obe\\src\\syllabus-service\\vendor\\laravel\\framework\\src\\Illuminate\\Foundation\\Http\\Middleware\\ConvertEmptyStringsToNull.php(31): Illuminate\\Foundation\\Http\\Middleware\\TransformsRequest->handle(Object(Illuminate\\Http\\Request), Object(Closure))
#24 D:\\Terbaru\\Microservice Architecture\\Project\\microservice-obe\\src\\syllabus-service\\vendor\\laravel\\framework\\src\\Illuminate\\Pipeline\\Pipeline.php(180): Illuminate\\Foundation\\Http\\Middleware\\ConvertEmptyStringsToNull->handle(Object(Illuminate\\Http\\Request), Object(Closure))
#25 D:\\Terbaru\\Microservice Architecture\\Project\\microservice-obe\\src\\syllabus-service\\vendor\\laravel\\framework\\src\\Illuminate\\Foundation\\Http\\Middleware\\TransformsRequest.php(21): Illuminate\\Pipeline\\Pipeline->Illuminate\\Pipeline\\{closure}(Object(Illuminate\\Http\\Request))
#26 D:\\Terbaru\\Microservice Architecture\\Project\\microservice-obe\\src\\syllabus-service\\vendor\\laravel\\framework\\src\\Illuminate\\Foundation\\Http\\Middleware\\TrimStrings.php(40): Illuminate\\Foundation\\Http\\Middleware\\TransformsRequest->handle(Object(Illuminate\\Http\\Request), Object(Closure))
#27 D:\\Terbaru\\Microservice Architecture\\Project\\microservice-obe\\src\\syllabus-service\\vendor\\laravel\\framework\\src\\Illuminate\\Pipeline\\Pipeline.php(180): Illuminate\\Foundation\\Http\\Middleware\\TrimStrings->handle(Object(Illuminate\\Http\\Request), Object(Closure))
#28 D:\\Terbaru\\Microservice Architecture\\Project\\microservice-obe\\src\\syllabus-service\\vendor\\laravel\\framework\\src\\Illuminate\\Foundation\\Http\\Middleware\\ValidatePostSize.php(27): Illuminate\\Pipeline\\Pipeline->Illuminate\\Pipeline\\{closure}(Object(Illuminate\\Http\\Request))
#29 D:\\Terbaru\\Microservice Architecture\\Project\\microservice-obe\\src\\syllabus-service\\vendor\\laravel\\framework\\src\\Illuminate\\Pipeline\\Pipeline.php(180): Illuminate\\Foundation\\Http\\Middleware\\ValidatePostSize->handle(Object(Illuminate\\Http\\Request), Object(Closure))
#30 D:\\Terbaru\\Microservice Architecture\\Project\\microservice-obe\\src\\syllabus-service\\vendor\\laravel\\framework\\src\\Illuminate\\Foundation\\Http\\Middleware\\PreventRequestsDuringMaintenance.php(86): Illuminate\\Pipeline\\Pipeline->Illuminate\\Pipeline\\{closure}(Object(Illuminate\\Http\\Request))
#31 D:\\Terbaru\\Microservice Architecture\\Project\\microservice-obe\\src\\syllabus-service\\vendor\\laravel\\framework\\src\\Illuminate\\Pipeline\\Pipeline.php(180): Illuminate\\Foundation\\Http\\Middleware\\PreventRequestsDuringMaintenance->handle(Object(Illuminate\\Http\\Request), Object(Closure))
#32 D:\\Terbaru\\Microservice Architecture\\Project\\microservice-obe\\src\\syllabus-service\\vendor\\laravel\\framework\\src\\Illuminate\\Http\\Middleware\\HandleCors.php(62): Illuminate\\Pipeline\\Pipeline->Illuminate\\Pipeline\\{closure}(Object(Illuminate\\Http\\Request))
#33 D:\\Terbaru\\Microservice Architecture\\Project\\microservice-obe\\src\\syllabus-service\\vendor\\laravel\\framework\\src\\Illuminate\\Pipeline\\Pipeline.php(180): Illuminate\\Http\\Middleware\\HandleCors->handle(Object(Illuminate\\Http\\Request), Object(Closure))
#34 D:\\Terbaru\\Microservice Architecture\\Project\\microservice-obe\\src\\syllabus-service\\vendor\\laravel\\framework\\src\\Illuminate\\Http\\Middleware\\TrustProxies.php(39): Illuminate\\Pipeline\\Pipeline->Illuminate\\Pipeline\\{closure}(Object(Illuminate\\Http\\Request))
#35 D:\\Terbaru\\Microservice Architecture\\Project\\microservice-obe\\src\\syllabus-service\\vendor\\laravel\\framework\\src\\Illuminate\\Pipeline\\Pipeline.php(180): Illuminate\\Http\\Middleware\\TrustProxies->handle(Object(Illuminate\\Http\\Request), Object(Closure))
#36 D:\\Terbaru\\Microservice Architecture\\Project\\microservice-obe\\src\\syllabus-service\\vendor\\laravel\\framework\\src\\Illuminate\\Pipeline\\Pipeline.php(116): Illuminate\\Pipeline\\Pipeline->Illuminate\\Pipeline\\{closure}(Object(Illuminate\\Http\\Request))
#37 D:\\Terbaru\\Microservice Architecture\\Project\\microservice-obe\\src\\syllabus-service\\vendor\\laravel\\framework\\src\\Illuminate\\Foundation\\Http\\Kernel.php(175): Illuminate\\Pipeline\\Pipeline->then(Object(Closure))
#38 D:\\Terbaru\\Microservice Architecture\\Project\\microservice-obe\\src\\syllabus-service\\vendor\\laravel\\framework\\src\\Illuminate\\Foundation\\Http\\Kernel.php(144): Illuminate\\Foundation\\Http\\Kernel->sendRequestThroughRouter(Object(Illuminate\\Http\\Request))
#39 D:\\Terbaru\\Microservice Architecture\\Project\\microservice-obe\\src\\syllabus-service\\public\\index.php(51): Illuminate\\Foundation\\Http\\Kernel->handle(Object(Illuminate\\Http\\Request))
#40 D:\\Terbaru\\Microservice Architecture\\Project\\microservice-obe\\src\\syllabus-service\\vendor\\laravel\\framework\\src\\Illuminate\\Foundation\\resources\\server.php(16): require_once('D:\\\\Terbaru\\\\Micr...')
#41 {main}
"} 
[2023-06-04 14:26:56] local.ERROR: Class "App\Http\Controllers\Request" does not exist {"exception":"[object] (ReflectionException(code: -1): Class \"App\\Http\\Controllers\\Request\" does not exist at D:\\Terbaru\\Microservice Architecture\\Project\\microservice-obe\\src\\syllabus-service\\vendor\\laravel\\framework\\src\\Illuminate\\Routing\\ResolvesRouteDependencies.php:81)
[stacktrace]
#0 D:\\Terbaru\\Microservice Architecture\\Project\\microservice-obe\\src\\syllabus-service\\vendor\\laravel\\framework\\src\\Illuminate\\Routing\\ResolvesRouteDependencies.php(81): ReflectionClass->__construct('App\\\\Http\\\\Contro...')
#1 D:\\Terbaru\\Microservice Architecture\\Project\\microservice-obe\\src\\syllabus-service\\vendor\\laravel\\framework\\src\\Illuminate\\Routing\\ResolvesRouteDependencies.php(50): Illuminate\\Routing\\ControllerDispatcher->transformDependency(Object(ReflectionParameter), Array, Object(stdClass))
#2 D:\\Terbaru\\Microservice Architecture\\Project\\microservice-obe\\src\\syllabus-service\\vendor\\laravel\\framework\\src\\Illuminate\\Routing\\ResolvesRouteDependencies.php(29): Illuminate\\Routing\\ControllerDispatcher->resolveMethodDependencies(Array, Object(ReflectionMethod))
#3 D:\\Terbaru\\Microservice Architecture\\Project\\microservice-obe\\src\\syllabus-service\\vendor\\laravel\\framework\\src\\Illuminate\\Routing\\ControllerDispatcher.php(59): Illuminate\\Routing\\ControllerDispatcher->resolveClassMethodDependencies(Array, Object(App\\Http\\Controllers\\SyllabusController), 'index')
#4 D:\\Terbaru\\Microservice Architecture\\Project\\microservice-obe\\src\\syllabus-service\\vendor\\laravel\\framework\\src\\Illuminate\\Routing\\ControllerDispatcher.php(40): Illuminate\\Routing\\ControllerDispatcher->resolveParameters(Object(Illuminate\\Routing\\Route), Object(App\\Http\\Controllers\\SyllabusController), 'index')
#5 D:\\Terbaru\\Microservice Architecture\\Project\\microservice-obe\\src\\syllabus-service\\vendor\\laravel\\framework\\src\\Illuminate\\Routing\\Route.php(259): Illuminate\\Routing\\ControllerDispatcher->dispatch(Object(Illuminate\\Routing\\Route), Object(App\\Http\\Controllers\\SyllabusController), 'index')
#6 D:\\Terbaru\\Microservice Architecture\\Project\\microservice-obe\\src\\syllabus-service\\vendor\\laravel\\framework\\src\\Illuminate\\Routing\\Route.php(205): Illuminate\\Routing\\Route->runController()
#7 D:\\Terbaru\\Microservice Architecture\\Project\\microservice-obe\\src\\syllabus-service\\vendor\\laravel\\framework\\src\\Illuminate\\Routing\\Router.php(799): Illuminate\\Routing\\Route->run()
#8 D:\\Terbaru\\Microservice Architecture\\Project\\microservice-obe\\src\\syllabus-service\\vendor\\laravel\\framework\\src\\Illuminate\\Pipeline\\Pipeline.php(141): Illuminate\\Routing\\Router->Illuminate\\Routing\\{closure}(Object(Illuminate\\Http\\Request))
#9 D:\\Terbaru\\Microservice Architecture\\Project\\microservice-obe\\src\\syllabus-service\\vendor\\laravel\\framework\\src\\Illuminate\\Routing\\Middleware\\SubstituteBindings.php(50): Illuminate\\Pipeline\\Pipeline->Illuminate\\Pipeline\\{closure}(Object(Illuminate\\Http\\Request))
#10 D:\\Terbaru\\Microservice Architecture\\Project\\microservice-obe\\src\\syllabus-service\\vendor\\laravel\\framework\\src\\Illuminate\\Pipeline\\Pipeline.php(180): Illuminate\\Routing\\Middleware\\SubstituteBindings->handle(Object(Illuminate\\Http\\Request), Object(Closure))
#11 D:\\Terbaru\\Microservice Architecture\\Project\\microservice-obe\\src\\syllabus-service\\vendor\\laravel\\framework\\src\\Illuminate\\Routing\\Middleware\\ThrottleRequests.php(152): Illuminate\\Pipeline\\Pipeline->Illuminate\\Pipeline\\{closure}(Object(Illuminate\\Http\\Request))
#12 D:\\Terbaru\\Microservice Architecture\\Project\\microservice-obe\\src\\syllabus-service\\vendor\\laravel\\framework\\src\\Illuminate\\Routing\\Middleware\\ThrottleRequests.php(118): Illuminate\\Routing\\Middleware\\ThrottleRequests->handleRequest(Object(Illuminate\\Http\\Request), Object(Closure), Array)
#13 D:\\Terbaru\\Microservice Architecture\\Project\\microservice-obe\\src\\syllabus-service\\vendor\\laravel\\framework\\src\\Illuminate\\Routing\\Middleware\\ThrottleRequests.php(80): Illuminate\\Routing\\Middleware\\ThrottleRequests->handleRequestUsingNamedLimiter(Object(Illuminate\\Http\\Request), Object(Closure), 'api', Object(Closure))
#14 D:\\Terbaru\\Microservice Architecture\\Project\\microservice-obe\\src\\syllabus-service\\vendor\\laravel\\framework\\src\\Illuminate\\Pipeline\\Pipeline.php(180): Illuminate\\Routing\\Middleware\\ThrottleRequests->handle(Object(Illuminate\\Http\\Request), Object(Closure), 'api')
#15 D:\\Terbaru\\Microservice Architecture\\Project\\microservice-obe\\src\\syllabus-service\\vendor\\laravel\\framework\\src\\Illuminate\\Pipeline\\Pipeline.php(116): Illuminate\\Pipeline\\Pipeline->Illuminate\\Pipeline\\{closure}(Object(Illuminate\\Http\\Request))
#16 D:\\Terbaru\\Microservice Architecture\\Project\\microservice-obe\\src\\syllabus-service\\vendor\\laravel\\framework\\src\\Illuminate\\Routing\\Router.php(798): Illuminate\\Pipeline\\Pipeline->then(Object(Closure))
#17 D:\\Terbaru\\Microservice Architecture\\Project\\microservice-obe\\src\\syllabus-service\\vendor\\laravel\\framework\\src\\Illuminate\\Routing\\Router.php(777): Illuminate\\Routing\\Router->runRouteWithinStack(Object(Illuminate\\Routing\\Route), Object(Illuminate\\Http\\Request))
#18 D:\\Terbaru\\Microservice Architecture\\Project\\microservice-obe\\src\\syllabus-service\\vendor\\laravel\\framework\\src\\Illuminate\\Routing\\Router.php(741): Illuminate\\Routing\\Router->runRoute(Object(Illuminate\\Http\\Request), Object(Illuminate\\Routing\\Route))
#19 D:\\Terbaru\\Microservice Architecture\\Project\\microservice-obe\\src\\syllabus-service\\vendor\\laravel\\framework\\src\\Illuminate\\Routing\\Router.php(730): Illuminate\\Routing\\Router->dispatchToRoute(Object(Illuminate\\Http\\Request))
#20 D:\\Terbaru\\Microservice Architecture\\Project\\microservice-obe\\src\\syllabus-service\\vendor\\laravel\\framework\\src\\Illuminate\\Foundation\\Http\\Kernel.php(200): Illuminate\\Routing\\Router->dispatch(Object(Illuminate\\Http\\Request))
#21 D:\\Terbaru\\Microservice Architecture\\Project\\microservice-obe\\src\\syllabus-service\\vendor\\laravel\\framework\\src\\Illuminate\\Pipeline\\Pipeline.php(141): Illuminate\\Foundation\\Http\\Kernel->Illuminate\\Foundation\\Http\\{closure}(Object(Illuminate\\Http\\Request))
#22 D:\\Terbaru\\Microservice Architecture\\Project\\microservice-obe\\src\\syllabus-service\\vendor\\laravel\\framework\\src\\Illuminate\\Foundation\\Http\\Middleware\\TransformsRequest.php(21): Illuminate\\Pipeline\\Pipeline->Illuminate\\Pipeline\\{closure}(Object(Illuminate\\Http\\Request))
#23 D:\\Terbaru\\Microservice Architecture\\Project\\microservice-obe\\src\\syllabus-service\\vendor\\laravel\\framework\\src\\Illuminate\\Foundation\\Http\\Middleware\\ConvertEmptyStringsToNull.php(31): Illuminate\\Foundation\\Http\\Middleware\\TransformsRequest->handle(Object(Illuminate\\Http\\Request), Object(Closure))
#24 D:\\Terbaru\\Microservice Architecture\\Project\\microservice-obe\\src\\syllabus-service\\vendor\\laravel\\framework\\src\\Illuminate\\Pipeline\\Pipeline.php(180): Illuminate\\Foundation\\Http\\Middleware\\ConvertEmptyStringsToNull->handle(Object(Illuminate\\Http\\Request), Object(Closure))
#25 D:\\Terbaru\\Microservice Architecture\\Project\\microservice-obe\\src\\syllabus-service\\vendor\\laravel\\framework\\src\\Illuminate\\Foundation\\Http\\Middleware\\TransformsRequest.php(21): Illuminate\\Pipeline\\Pipeline->Illuminate\\Pipeline\\{closure}(Object(Illuminate\\Http\\Request))
#26 D:\\Terbaru\\Microservice Architecture\\Project\\microservice-obe\\src\\syllabus-service\\vendor\\laravel\\framework\\src\\Illuminate\\Foundation\\Http\\Middleware\\TrimStrings.php(40): Illuminate\\Foundation\\Http\\Middleware\\TransformsRequest->handle(Object(Illuminate\\Http\\Request), Object(Closure))
#27 D:\\Terbaru\\Microservice Architecture\\Project\\microservice-obe\\src\\syllabus-service\\vendor\\laravel\\framework\\src\\Illuminate\\Pipeline\\Pipeline.php(180): Illuminate\\Foundation\\Http\\Middleware\\TrimStrings->handle(Object(Illuminate\\Http\\Request), Object(Closure))
#28 D:\\Terbaru\\Microservice Architecture\\Project\\microservice-obe\\src\\syllabus-service\\vendor\\laravel\\framework\\src\\Illuminate\\Foundation\\Http\\Middleware\\ValidatePostSize.php(27): Illuminate\\Pipeline\\Pipeline->Illuminate\\Pipeline\\{closure}(Object(Illuminate\\Http\\Request))
#29 D:\\Terbaru\\Microservice Architecture\\Project\\microservice-obe\\src\\syllabus-service\\vendor\\laravel\\framework\\src\\Illuminate\\Pipeline\\Pipeline.php(180): Illuminate\\Foundation\\Http\\Middleware\\ValidatePostSize->handle(Object(Illuminate\\Http\\Request), Object(Closure))
#30 D:\\Terbaru\\Microservice Architecture\\Project\\microservice-obe\\src\\syllabus-service\\vendor\\laravel\\framework\\src\\Illuminate\\Foundation\\Http\\Middleware\\PreventRequestsDuringMaintenance.php(86): Illuminate\\Pipeline\\Pipeline->Illuminate\\Pipeline\\{closure}(Object(Illuminate\\Http\\Request))
#31 D:\\Terbaru\\Microservice Architecture\\Project\\microservice-obe\\src\\syllabus-service\\vendor\\laravel\\framework\\src\\Illuminate\\Pipeline\\Pipeline.php(180): Illuminate\\Foundation\\Http\\Middleware\\PreventRequestsDuringMaintenance->handle(Object(Illuminate\\Http\\Request), Object(Closure))
#32 D:\\Terbaru\\Microservice Architecture\\Project\\microservice-obe\\src\\syllabus-service\\vendor\\laravel\\framework\\src\\Illuminate\\Http\\Middleware\\HandleCors.php(62): Illuminate\\Pipeline\\Pipeline->Illuminate\\Pipeline\\{closure}(Object(Illuminate\\Http\\Request))
#33 D:\\Terbaru\\Microservice Architecture\\Project\\microservice-obe\\src\\syllabus-service\\vendor\\laravel\\framework\\src\\Illuminate\\Pipeline\\Pipeline.php(180): Illuminate\\Http\\Middleware\\HandleCors->handle(Object(Illuminate\\Http\\Request), Object(Closure))
#34 D:\\Terbaru\\Microservice Architecture\\Project\\microservice-obe\\src\\syllabus-service\\vendor\\laravel\\framework\\src\\Illuminate\\Http\\Middleware\\TrustProxies.php(39): Illuminate\\Pipeline\\Pipeline->Illuminate\\Pipeline\\{closure}(Object(Illuminate\\Http\\Request))
#35 D:\\Terbaru\\Microservice Architecture\\Project\\microservice-obe\\src\\syllabus-service\\vendor\\laravel\\framework\\src\\Illuminate\\Pipeline\\Pipeline.php(180): Illuminate\\Http\\Middleware\\TrustProxies->handle(Object(Illuminate\\Http\\Request), Object(Closure))
#36 D:\\Terbaru\\Microservice Architecture\\Project\\microservice-obe\\src\\syllabus-service\\vendor\\laravel\\framework\\src\\Illuminate\\Pipeline\\Pipeline.php(116): Illuminate\\Pipeline\\Pipeline->Illuminate\\Pipeline\\{closure}(Object(Illuminate\\Http\\Request))
#37 D:\\Terbaru\\Microservice Architecture\\Project\\microservice-obe\\src\\syllabus-service\\vendor\\laravel\\framework\\src\\Illuminate\\Foundation\\Http\\Kernel.php(175): Illuminate\\Pipeline\\Pipeline->then(Object(Closure))
#38 D:\\Terbaru\\Microservice Architecture\\Project\\microservice-obe\\src\\syllabus-service\\vendor\\laravel\\framework\\src\\Illuminate\\Foundation\\Http\\Kernel.php(144): Illuminate\\Foundation\\Http\\Kernel->sendRequestThroughRouter(Object(Illuminate\\Http\\Request))
#39 D:\\Terbaru\\Microservice Architecture\\Project\\microservice-obe\\src\\syllabus-service\\public\\index.php(51): Illuminate\\Foundation\\Http\\Kernel->handle(Object(Illuminate\\Http\\Request))
#40 D:\\Terbaru\\Microservice Architecture\\Project\\microservice-obe\\src\\syllabus-service\\vendor\\laravel\\framework\\src\\Illuminate\\Foundation\\resources\\server.php(16): require_once('D:\\\\Terbaru\\\\Micr...')
#41 {main}
"} 
[2023-06-04 14:33:09] local.ERROR: Class "App\Http\Controllers\Request" does not exist {"exception":"[object] (ReflectionException(code: -1): Class \"App\\Http\\Controllers\\Request\" does not exist at D:\\Terbaru\\Microservice Architecture\\Project\\microservice-obe\\src\\syllabus-service\\vendor\\laravel\\framework\\src\\Illuminate\\Routing\\ResolvesRouteDependencies.php:81)
[stacktrace]
#0 D:\\Terbaru\\Microservice Architecture\\Project\\microservice-obe\\src\\syllabus-service\\vendor\\laravel\\framework\\src\\Illuminate\\Routing\\ResolvesRouteDependencies.php(81): ReflectionClass->__construct('App\\\\Http\\\\Contro...')
#1 D:\\Terbaru\\Microservice Architecture\\Project\\microservice-obe\\src\\syllabus-service\\vendor\\laravel\\framework\\src\\Illuminate\\Routing\\ResolvesRouteDependencies.php(50): Illuminate\\Routing\\ControllerDispatcher->transformDependency(Object(ReflectionParameter), Array, Object(stdClass))
#2 D:\\Terbaru\\Microservice Architecture\\Project\\microservice-obe\\src\\syllabus-service\\vendor\\laravel\\framework\\src\\Illuminate\\Routing\\ResolvesRouteDependencies.php(29): Illuminate\\Routing\\ControllerDispatcher->resolveMethodDependencies(Array, Object(ReflectionMethod))
#3 D:\\Terbaru\\Microservice Architecture\\Project\\microservice-obe\\src\\syllabus-service\\vendor\\laravel\\framework\\src\\Illuminate\\Routing\\ControllerDispatcher.php(59): Illuminate\\Routing\\ControllerDispatcher->resolveClassMethodDependencies(Array, Object(App\\Http\\Controllers\\SyllabusController), 'index')
#4 D:\\Terbaru\\Microservice Architecture\\Project\\microservice-obe\\src\\syllabus-service\\vendor\\laravel\\framework\\src\\Illuminate\\Routing\\ControllerDispatcher.php(40): Illuminate\\Routing\\ControllerDispatcher->resolveParameters(Object(Illuminate\\Routing\\Route), Object(App\\Http\\Controllers\\SyllabusController), 'index')
#5 D:\\Terbaru\\Microservice Architecture\\Project\\microservice-obe\\src\\syllabus-service\\vendor\\laravel\\framework\\src\\Illuminate\\Routing\\Route.php(259): Illuminate\\Routing\\ControllerDispatcher->dispatch(Object(Illuminate\\Routing\\Route), Object(App\\Http\\Controllers\\SyllabusController), 'index')
#6 D:\\Terbaru\\Microservice Architecture\\Project\\microservice-obe\\src\\syllabus-service\\vendor\\laravel\\framework\\src\\Illuminate\\Routing\\Route.php(205): Illuminate\\Routing\\Route->runController()
#7 D:\\Terbaru\\Microservice Architecture\\Project\\microservice-obe\\src\\syllabus-service\\vendor\\laravel\\framework\\src\\Illuminate\\Routing\\Router.php(799): Illuminate\\Routing\\Route->run()
#8 D:\\Terbaru\\Microservice Architecture\\Project\\microservice-obe\\src\\syllabus-service\\vendor\\laravel\\framework\\src\\Illuminate\\Pipeline\\Pipeline.php(141): Illuminate\\Routing\\Router->Illuminate\\Routing\\{closure}(Object(Illuminate\\Http\\Request))
#9 D:\\Terbaru\\Microservice Architecture\\Project\\microservice-obe\\src\\syllabus-service\\vendor\\laravel\\framework\\src\\Illuminate\\Routing\\Middleware\\SubstituteBindings.php(50): Illuminate\\Pipeline\\Pipeline->Illuminate\\Pipeline\\{closure}(Object(Illuminate\\Http\\Request))
#10 D:\\Terbaru\\Microservice Architecture\\Project\\microservice-obe\\src\\syllabus-service\\vendor\\laravel\\framework\\src\\Illuminate\\Pipeline\\Pipeline.php(180): Illuminate\\Routing\\Middleware\\SubstituteBindings->handle(Object(Illuminate\\Http\\Request), Object(Closure))
#11 D:\\Terbaru\\Microservice Architecture\\Project\\microservice-obe\\src\\syllabus-service\\vendor\\laravel\\framework\\src\\Illuminate\\Routing\\Middleware\\ThrottleRequests.php(152): Illuminate\\Pipeline\\Pipeline->Illuminate\\Pipeline\\{closure}(Object(Illuminate\\Http\\Request))
#12 D:\\Terbaru\\Microservice Architecture\\Project\\microservice-obe\\src\\syllabus-service\\vendor\\laravel\\framework\\src\\Illuminate\\Routing\\Middleware\\ThrottleRequests.php(118): Illuminate\\Routing\\Middleware\\ThrottleRequests->handleRequest(Object(Illuminate\\Http\\Request), Object(Closure), Array)
#13 D:\\Terbaru\\Microservice Architecture\\Project\\microservice-obe\\src\\syllabus-service\\vendor\\laravel\\framework\\src\\Illuminate\\Routing\\Middleware\\ThrottleRequests.php(80): Illuminate\\Routing\\Middleware\\ThrottleRequests->handleRequestUsingNamedLimiter(Object(Illuminate\\Http\\Request), Object(Closure), 'api', Object(Closure))
#14 D:\\Terbaru\\Microservice Architecture\\Project\\microservice-obe\\src\\syllabus-service\\vendor\\laravel\\framework\\src\\Illuminate\\Pipeline\\Pipeline.php(180): Illuminate\\Routing\\Middleware\\ThrottleRequests->handle(Object(Illuminate\\Http\\Request), Object(Closure), 'api')
#15 D:\\Terbaru\\Microservice Architecture\\Project\\microservice-obe\\src\\syllabus-service\\vendor\\laravel\\framework\\src\\Illuminate\\Pipeline\\Pipeline.php(116): Illuminate\\Pipeline\\Pipeline->Illuminate\\Pipeline\\{closure}(Object(Illuminate\\Http\\Request))
#16 D:\\Terbaru\\Microservice Architecture\\Project\\microservice-obe\\src\\syllabus-service\\vendor\\laravel\\framework\\src\\Illuminate\\Routing\\Router.php(798): Illuminate\\Pipeline\\Pipeline->then(Object(Closure))
#17 D:\\Terbaru\\Microservice Architecture\\Project\\microservice-obe\\src\\syllabus-service\\vendor\\laravel\\framework\\src\\Illuminate\\Routing\\Router.php(777): Illuminate\\Routing\\Router->runRouteWithinStack(Object(Illuminate\\Routing\\Route), Object(Illuminate\\Http\\Request))
#18 D:\\Terbaru\\Microservice Architecture\\Project\\microservice-obe\\src\\syllabus-service\\vendor\\laravel\\framework\\src\\Illuminate\\Routing\\Router.php(741): Illuminate\\Routing\\Router->runRoute(Object(Illuminate\\Http\\Request), Object(Illuminate\\Routing\\Route))
#19 D:\\Terbaru\\Microservice Architecture\\Project\\microservice-obe\\src\\syllabus-service\\vendor\\laravel\\framework\\src\\Illuminate\\Routing\\Router.php(730): Illuminate\\Routing\\Router->dispatchToRoute(Object(Illuminate\\Http\\Request))
#20 D:\\Terbaru\\Microservice Architecture\\Project\\microservice-obe\\src\\syllabus-service\\vendor\\laravel\\framework\\src\\Illuminate\\Foundation\\Http\\Kernel.php(200): Illuminate\\Routing\\Router->dispatch(Object(Illuminate\\Http\\Request))
#21 D:\\Terbaru\\Microservice Architecture\\Project\\microservice-obe\\src\\syllabus-service\\vendor\\laravel\\framework\\src\\Illuminate\\Pipeline\\Pipeline.php(141): Illuminate\\Foundation\\Http\\Kernel->Illuminate\\Foundation\\Http\\{closure}(Object(Illuminate\\Http\\Request))
#22 D:\\Terbaru\\Microservice Architecture\\Project\\microservice-obe\\src\\syllabus-service\\vendor\\laravel\\framework\\src\\Illuminate\\Foundation\\Http\\Middleware\\TransformsRequest.php(21): Illuminate\\Pipeline\\Pipeline->Illuminate\\Pipeline\\{closure}(Object(Illuminate\\Http\\Request))
#23 D:\\Terbaru\\Microservice Architecture\\Project\\microservice-obe\\src\\syllabus-service\\vendor\\laravel\\framework\\src\\Illuminate\\Foundation\\Http\\Middleware\\ConvertEmptyStringsToNull.php(31): Illuminate\\Foundation\\Http\\Middleware\\TransformsRequest->handle(Object(Illuminate\\Http\\Request), Object(Closure))
#24 D:\\Terbaru\\Microservice Architecture\\Project\\microservice-obe\\src\\syllabus-service\\vendor\\laravel\\framework\\src\\Illuminate\\Pipeline\\Pipeline.php(180): Illuminate\\Foundation\\Http\\Middleware\\ConvertEmptyStringsToNull->handle(Object(Illuminate\\Http\\Request), Object(Closure))
#25 D:\\Terbaru\\Microservice Architecture\\Project\\microservice-obe\\src\\syllabus-service\\vendor\\laravel\\framework\\src\\Illuminate\\Foundation\\Http\\Middleware\\TransformsRequest.php(21): Illuminate\\Pipeline\\Pipeline->Illuminate\\Pipeline\\{closure}(Object(Illuminate\\Http\\Request))
#26 D:\\Terbaru\\Microservice Architecture\\Project\\microservice-obe\\src\\syllabus-service\\vendor\\laravel\\framework\\src\\Illuminate\\Foundation\\Http\\Middleware\\TrimStrings.php(40): Illuminate\\Foundation\\Http\\Middleware\\TransformsRequest->handle(Object(Illuminate\\Http\\Request), Object(Closure))
#27 D:\\Terbaru\\Microservice Architecture\\Project\\microservice-obe\\src\\syllabus-service\\vendor\\laravel\\framework\\src\\Illuminate\\Pipeline\\Pipeline.php(180): Illuminate\\Foundation\\Http\\Middleware\\TrimStrings->handle(Object(Illuminate\\Http\\Request), Object(Closure))
#28 D:\\Terbaru\\Microservice Architecture\\Project\\microservice-obe\\src\\syllabus-service\\vendor\\laravel\\framework\\src\\Illuminate\\Foundation\\Http\\Middleware\\ValidatePostSize.php(27): Illuminate\\Pipeline\\Pipeline->Illuminate\\Pipeline\\{closure}(Object(Illuminate\\Http\\Request))
#29 D:\\Terbaru\\Microservice Architecture\\Project\\microservice-obe\\src\\syllabus-service\\vendor\\laravel\\framework\\src\\Illuminate\\Pipeline\\Pipeline.php(180): Illuminate\\Foundation\\Http\\Middleware\\ValidatePostSize->handle(Object(Illuminate\\Http\\Request), Object(Closure))
#30 D:\\Terbaru\\Microservice Architecture\\Project\\microservice-obe\\src\\syllabus-service\\vendor\\laravel\\framework\\src\\Illuminate\\Foundation\\Http\\Middleware\\PreventRequestsDuringMaintenance.php(86): Illuminate\\Pipeline\\Pipeline->Illuminate\\Pipeline\\{closure}(Object(Illuminate\\Http\\Request))
#31 D:\\Terbaru\\Microservice Architecture\\Project\\microservice-obe\\src\\syllabus-service\\vendor\\laravel\\framework\\src\\Illuminate\\Pipeline\\Pipeline.php(180): Illuminate\\Foundation\\Http\\Middleware\\PreventRequestsDuringMaintenance->handle(Object(Illuminate\\Http\\Request), Object(Closure))
#32 D:\\Terbaru\\Microservice Architecture\\Project\\microservice-obe\\src\\syllabus-service\\vendor\\laravel\\framework\\src\\Illuminate\\Http\\Middleware\\HandleCors.php(62): Illuminate\\Pipeline\\Pipeline->Illuminate\\Pipeline\\{closure}(Object(Illuminate\\Http\\Request))
#33 D:\\Terbaru\\Microservice Architecture\\Project\\microservice-obe\\src\\syllabus-service\\vendor\\laravel\\framework\\src\\Illuminate\\Pipeline\\Pipeline.php(180): Illuminate\\Http\\Middleware\\HandleCors->handle(Object(Illuminate\\Http\\Request), Object(Closure))
#34 D:\\Terbaru\\Microservice Architecture\\Project\\microservice-obe\\src\\syllabus-service\\vendor\\laravel\\framework\\src\\Illuminate\\Http\\Middleware\\TrustProxies.php(39): Illuminate\\Pipeline\\Pipeline->Illuminate\\Pipeline\\{closure}(Object(Illuminate\\Http\\Request))
#35 D:\\Terbaru\\Microservice Architecture\\Project\\microservice-obe\\src\\syllabus-service\\vendor\\laravel\\framework\\src\\Illuminate\\Pipeline\\Pipeline.php(180): Illuminate\\Http\\Middleware\\TrustProxies->handle(Object(Illuminate\\Http\\Request), Object(Closure))
#36 D:\\Terbaru\\Microservice Architecture\\Project\\microservice-obe\\src\\syllabus-service\\vendor\\laravel\\framework\\src\\Illuminate\\Pipeline\\Pipeline.php(116): Illuminate\\Pipeline\\Pipeline->Illuminate\\Pipeline\\{closure}(Object(Illuminate\\Http\\Request))
#37 D:\\Terbaru\\Microservice Architecture\\Project\\microservice-obe\\src\\syllabus-service\\vendor\\laravel\\framework\\src\\Illuminate\\Foundation\\Http\\Kernel.php(175): Illuminate\\Pipeline\\Pipeline->then(Object(Closure))
#38 D:\\Terbaru\\Microservice Architecture\\Project\\microservice-obe\\src\\syllabus-service\\vendor\\laravel\\framework\\src\\Illuminate\\Foundation\\Http\\Kernel.php(144): Illuminate\\Foundation\\Http\\Kernel->sendRequestThroughRouter(Object(Illuminate\\Http\\Request))
#39 D:\\Terbaru\\Microservice Architecture\\Project\\microservice-obe\\src\\syllabus-service\\public\\index.php(51): Illuminate\\Foundation\\Http\\Kernel->handle(Object(Illuminate\\Http\\Request))
#40 D:\\Terbaru\\Microservice Architecture\\Project\\microservice-obe\\src\\syllabus-service\\vendor\\laravel\\framework\\src\\Illuminate\\Foundation\\resources\\server.php(16): require_once('D:\\\\Terbaru\\\\Micr...')
#41 {main}
"} 
